<?xml version="1.0" encoding="UTF-8"?>
<!-- Generated by org.testng.reporters.JUnitXMLReporter -->
<testsuite ignored="0" hostname="DESKTOP-75STN5V" failures="1" tests="4" name="Test" time="0.273" errors="0" timestamp="2025-10-29T14:26:01 IST">
  <testcase classname="TestNG_Demo.ExecuteFailedTest" name="demo" time="0.031"/>
  <testcase classname="TestNG_Demo.ExecuteFailedTest" name="demo1" time="0.014">
    <skipped/>
  </testcase> <!-- demo1 -->
  <testcase classname="TestNG_Demo.ExecuteFailedTest" name="demo1" time="0.008">
    <skipped/>
  </testcase> <!-- demo1 -->
  <testcase classname="TestNG_Demo.ExecuteFailedTest" name="demo1" time="0.014">
    <failure type="java.lang.AssertionError" message="null">
      <![CDATA[java.lang.AssertionError: null
at TestNG_Demo.ExecuteFailedTest.demo1(ExecuteFailedTest.java:19)
at java.base/java.util.ArrayList.forEach(ArrayList.java:1596)
... Removed 27 stack frames]]>
    </failure>
  </testcase> <!-- demo1 -->
</testsuite> <!-- Test -->
