<?xml version="1.0" encoding="UTF-8"?>
<!-- Generated by org.testng.reporters.JUnitXMLReporter -->
<testsuite ignored="0" hostname="DESKTOP-75STN5V" failures="1" tests="2" name="Test" time="26.282" errors="0" timestamp="2025-09-13T23:19:07 IST">
  <testcase classname="com.demoProject.testCases.testCase02_Screenshots" name="testInvalidLoginMethod" time="0.177">
    <failure type="java.lang.NullPointerException" message="Cannot invoke &amp;quot;org.openqa.selenium.SearchContext.findElement(org.openqa.selenium.By)&amp;quot; because &amp;quot;this.searchContext&amp;quot; is null">
      <![CDATA[java.lang.NullPointerException: Cannot invoke "org.openqa.selenium.SearchContext.findElement(org.openqa.selenium.By)" because "this.searchContext" is null
at org.openqa.selenium.support.pagefactory.DefaultElementLocator.findElement(DefaultElementLocator.java:68)
at org.openqa.selenium.support.pagefactory.internal.LocatingElementHandler.invoke(LocatingElementHandler.java:38)
at jdk.proxy2/jdk.proxy2.$Proxy12.sendKeys(Unknown Source)
at com.demoProject.pageObjects.loginPage.inValidloginMethod(loginPage.java:57)
at com.demoProject.testCases.testCase02_Screenshots.testInvalidLoginMethod(testCase02_Screenshots.java:28)
at java.base/java.util.ArrayList.forEach(ArrayList.java:1596)
... Removed 25 stack frames]]>
    </failure>
  </testcase> <!-- testInvalidLoginMethod -->
  <testcase classname="com.demoProject.testCases.testCase_01_Login" name="testLoginMethod" time="1.733"/>
</testsuite> <!-- Test -->
