<?xml version="1.0" encoding="UTF-8"?>
<!-- Generated by org.testng.reporters.JUnitReportReporter -->
<testsuite hostname="DESKTOP-75STN5V" failures="0" tests="1" name="com.demoProject.testCases.testCase_02_invalidLogin" time="0.060" errors="0" timestamp="2025-09-13T21:42:37 IST" skipped="0">
  <testcase classname="com.demoProject.testCases.testCase_02_invalidLogin" name="Sysout" time="0.060">
    <system-out>
      <![CDATA[testcase02 is passed]]>
    </system-out>
  </testcase> <!-- Sysout -->
  <system-out>
    <![CDATA[testcase02 is passed]]>
  </system-out>
</testsuite> <!-- com.demoProject.testCases.testCase_02_invalidLogin -->
