<?xml version="1.0" encoding="UTF-8"?>
<!-- Generated by org.testng.reporters.JUnitReportReporter -->
<testsuite hostname="DESKTOP-75STN5V" failures="0" tests="1" name="Selenium.Hii" time="0.037" errors="0" timestamp="2025-10-28T09:28:09 IST" skipped="0">
  <testcase classname="Selenium.Hii" name="Mango1" time="0.037">
    <system-out>
      <![CDATA[smoke group]]>
    </system-out>
  </testcase> <!-- Mango1 -->
  <system-out>
    <![CDATA[smoke group
smoke group]]>
  </system-out>
</testsuite> <!-- Selenium.Hii -->
