<?xml version="1.0" encoding="UTF-8"?>
<!-- Generated by org.testng.reporters.JUnitReportReporter -->
<testsuite hostname="DESKTOP-75STN5V" failures="0" tests="11" name="Selenium.TestNG" time="0.155" errors="0" timestamp="2025-10-28T08:08:39 IST" skipped="1">
  <testcase classname="Selenium.TestNG" name="demo6" time="0.023">
    <system-out>
      <![CDATA[Functional Testing group]]>
    </system-out>
  </testcase> <!-- demo6 -->
  <testcase classname="Selenium.TestNG" name="demo8" time="0.007">
    <system-out>
      <![CDATA[demo8]]>
    </system-out>
  </testcase> <!-- demo8 -->
  <testcase classname="Selenium.TestNG" name="demo2" time="0.024">
    <system-out>
      <![CDATA[Invocation count]]>
    </system-out>
  </testcase> <!-- demo2 -->
  <testcase classname="Selenium.TestNG" name="demo5" time="0.016">
    <system-out>
      <![CDATA[Always Run flag]]>
    </system-out>
  </testcase> <!-- demo5 -->
  <testcase classname="Selenium.TestNG" name="demo4" time="0.006">
    <system-out>
      <![CDATA[Description flag]]>
    </system-out>
  </testcase> <!-- demo4 -->
  <testcase classname="Selenium.TestNG" name="demo2" time="0.005">
    <system-out>
      <![CDATA[Invocation count]]>
    </system-out>
  </testcase> <!-- demo2 -->
  <testcase classname="Selenium.TestNG" name="demo7" time="0.010">
    <system-out>
      <![CDATA[DependsOnMethods flag]]>
    </system-out>
  </testcase> <!-- demo7 -->
  <testcase classname="Selenium.TestNG" name="demo2" time="0.045">
    <system-out>
      <![CDATA[Invocation count]]>
    </system-out>
  </testcase> <!-- demo2 -->
  <testcase classname="Selenium.TestNG" name="demo" time="0.009">
    <system-out>
      <![CDATA[Priority is 1st]]>
    </system-out>
  </testcase> <!-- demo -->
  <testcase classname="Selenium.TestNG" name="demo1" time="0.010">
    <system-out>
      <![CDATA[Priority is 2nd]]>
    </system-out>
  </testcase> <!-- demo1 -->
  <testcase classname="Selenium.TestNG" name="demo3">
    <skipped/>
  </testcase> <!-- demo3 -->
  <system-out>
    <![CDATA[Invocation count
Invocation count
Invocation count
Description flag
Always Run flag
Functional Testing group
demo8
DependsOnMethods flag
Priority is 1st
Priority is 2nd]]>
  </system-out>
</testsuite> <!-- Selenium.TestNG -->
