<?xml version="1.0" encoding="UTF-8"?>
<!-- Generated by org.testng.reporters.JUnitXMLReporter -->
<testsuite ignored="2" hostname="DESKTOP-75STN5V" failures="0" tests="2" name="Test" time="0.253" errors="0" timestamp="2025-10-28T09:32:25 IST">
  <testcase classname="Selenium.Hello" name="Mango" time="0.051"/>
  <testcase classname="Selenium.Hello" name="Tommato" time="0.01"/>
  <testcase classname="Selenium.Hii" name="Mango1" time="0.0">
    <ignored/>
  </testcase> <!-- Mango1 -->
  <testcase classname="Selenium.Hello" name="Apple" time="0.0">
    <ignored/>
  </testcase> <!-- Apple -->
</testsuite> <!-- Test -->
